Vivado Simulator v2025.2
Copyright 1986-2022 Xilinx, Inc. All Rights Reserved.
Copyright 2022-2025 Advanced Micro Devices, Inc. All Rights Reserved.
Running: /home/shadow30812/Vivado/2025.2/Vivado/bin/unwrapped/lnx64.o/xelab --incr --debug typical --relax --mt 8 -L xil_defaultlib -L unisims_ver -L unimacro_ver -L secureip --snapshot test_spi_behav xil_defaultlib.test_spi xil_defaultlib.glbl -log elaborate.log 
Using 8 slave threads.
WARNING: [XSIM 43-3431] One or more environment variables have been detected which affect the operation of the C compiler. These are typically not set in standard installations and are not tested by AMD, however they may be appropriate for your system, so the flow will attempt to continue.  If errors occur, try running xelab with the "-mt off -v 1" switches to see more information from the C compiler. The following environment variables have been detected:
Starting static elaboration
Pass Through NonSizing Optimizer
Completed static elaboration
Starting simulation data flow analysis
WARNING: [XSIM 43-4099] "/media/shadow30812/Windows-SSD/Well/Projects/SPI/SPI.srcs/sources_1/imports/SPI/src/top.v" Line 1. Module top doesn't have a timescale but at least one module in design has a timescale.
WARNING: [XSIM 43-4099] "/media/shadow30812/Windows-SSD/Well/Projects/SPI/SPI.srcs/sources_1/imports/SPI/src/fifo.v" Line 5. Module fifo_default doesn't have a timescale but at least one module in design has a timescale.
WARNING: [XSIM 43-4099] "/media/shadow30812/Windows-SSD/Well/Projects/SPI/SPI.srcs/sources_1/imports/SPI/src/core.v" Line 6. Module core doesn't have a timescale but at least one module in design has a timescale.
Completed simulation data flow analysis
Time Resolution for simulation is 1ps
Compiling module xil_defaultlib.fifo_default
Compiling module xil_defaultlib.core
Compiling module xil_defaultlib.top
Compiling module xil_defaultlib.test_spi
Compiling module xil_defaultlib.glbl
Built simulation snapshot test_spi_behav
