Copyright 1986-2022 Xilinx, Inc. All Rights Reserved. Copyright 2022-2025 Advanced Micro Devices, Inc. All Rights Reserved.
---------------------------------------------------------------------------------------------------------------------------------------------
| Tool Version : Vivado v.2025.2 (lin64) Build 6299465 Fri Nov 14 12:34:56 MST 2025
| Date         : Thu Jul  2 01:05:07 2026
| Host         : Swastik-Yoga-Slim-6-14IRH8 running 64-bit Ubuntu 24.04.4 LTS
| Command      : report_control_sets -verbose -file top_control_sets_placed.rpt
| Design       : top
| Device       : xc7k70t
---------------------------------------------------------------------------------------------------------------------------------------------

Control Set Information

Table of Contents
-----------------
1. Summary
2. Histogram
3. Flip-Flop Distribution
4. Detailed Control Set Information

1. Summary
----------

+----------------------------------------------------------+-------+
|                          Status                          | Count |
+----------------------------------------------------------+-------+
| Total control sets                                       |    17 |
|    Minimum number of control sets                        |    17 |
|    Addition due to synthesis replication                 |     0 |
|    Addition due to physical synthesis replication        |     0 |
| Unused register locations in slices containing registers |    32 |
+----------------------------------------------------------+-------+
* Control sets can be merged at opt_design using control_set_merge or merge_equivalent_drivers
** Run report_qor_suggestions for automated merging and remapping suggestions


2. Histogram
------------

+--------------------+-------+
|       Fanout       | Count |
+--------------------+-------+
| Total control sets |    17 |
| >= 0 to < 4        |     2 |
| >= 4 to < 6        |     2 |
| >= 6 to < 8        |     0 |
| >= 8 to < 10       |    11 |
| >= 10 to < 12      |     1 |
| >= 12 to < 14      |     1 |
| >= 14 to < 16      |     0 |
| >= 16              |     0 |
+--------------------+-------+
* Control sets can be remapped at either synth_design or opt_design


3. Flip-Flop Distribution
-------------------------

+--------------+-----------------------+------------------------+-----------------+--------------+
| Clock Enable | Synchronous Set/Reset | Asynchronous Set/Reset | Total Registers | Total Slices |
+--------------+-----------------------+------------------------+-----------------+--------------+
| No           | No                    | No                     |               0 |            0 |
| No           | No                    | Yes                    |              10 |            3 |
| No           | Yes                   | No                     |               0 |            0 |
| Yes          | No                    | No                     |              64 |           17 |
| Yes          | No                    | Yes                    |              46 |           14 |
| Yes          | Yes                   | No                     |               0 |            0 |
+--------------+-----------------------+------------------------+-----------------+--------------+


4. Detailed Control Set Information
-----------------------------------

+----------------+--------------------------------+------------------+------------------+----------------+--------------+
|  Clock Signal  |          Enable Signal         | Set/Reset Signal | Slice Load Count | Bel Load Count | Bels / Slice |
+----------------+--------------------------------+------------------+------------------+----------------+--------------+
|  clk_IBUF_BUFG | spi_engine/mosi_i_1_n_0        | spi_engine/rst_n |                1 |              1 |         1.00 |
|  clk_IBUF_BUFG | spi_engine/cs_n_i_1_n_0        | spi_engine/rst_n |                1 |              1 |         1.00 |
|  clk_IBUF_BUFG | tx_buffer/wr_ptr0              | spi_engine/rst_n |                1 |              4 |         4.00 |
|  clk_IBUF_BUFG | spi_engine/edge_cnt[3]_i_1_n_0 | spi_engine/rst_n |                1 |              4 |         4.00 |
|  clk_IBUF_BUFG | tx_buffer/mem[0][7]_i_1_n_0    |                  |                2 |              8 |         4.00 |
|  clk_IBUF_BUFG | spi_engine/rx_data[7]_i_1_n_0  | spi_engine/rst_n |                1 |              8 |         8.00 |
|  clk_IBUF_BUFG | spi_engine/tx_shift[7]_i_1_n_0 | spi_engine/rst_n |                3 |              8 |         2.67 |
|  clk_IBUF_BUFG | tx_buffer/mem[5][7]_i_1_n_0    |                  |                2 |              8 |         4.00 |
|  clk_IBUF_BUFG | tx_buffer/mem[1][7]_i_1_n_0    |                  |                2 |              8 |         4.00 |
|  clk_IBUF_BUFG | tx_buffer/mem[2][7]_i_1_n_0    |                  |                2 |              8 |         4.00 |
|  clk_IBUF_BUFG | tx_buffer/mem[3][7]_i_1_n_0    |                  |                2 |              8 |         4.00 |
|  clk_IBUF_BUFG | tx_buffer/mem[7][7]_i_1_n_0    |                  |                2 |              8 |         4.00 |
|  clk_IBUF_BUFG | tx_buffer/mem[4][7]_i_1_n_0    |                  |                2 |              8 |         4.00 |
|  clk_IBUF_BUFG | spi_engine/rx_shift_0[0]       | spi_engine/rst_n |                1 |              8 |         8.00 |
|  clk_IBUF_BUFG | tx_buffer/mem[6][7]_i_1_n_0    |                  |                3 |              8 |         2.67 |
|  clk_IBUF_BUFG |                                | spi_engine/rst_n |                3 |             10 |         3.33 |
|  clk_IBUF_BUFG | tx_buffer/rd_ptr0              | spi_engine/rst_n |                5 |             12 |         2.40 |
+----------------+--------------------------------+------------------+------------------+----------------+--------------+


